<?xml version="1.0" encoding="UTF-8"?>
<!-- Generated by org.testng.reporters.JUnitXMLReporter -->
<testsuite hostname="DESKTOP-QG903OF" ignored="0" name="Default test" tests="3" failures="0" timestamp="13 Mar 2018 18:58:38 GMT" time="68.907" errors="0">
  <testcase name="LoginPageTitleTest" time="0.265" classname="com.crm.qa.testCases.LoginPageTest"/>
  <testcase name="crmLogoImageTest" time="0.64" classname="com.crm.qa.testCases.LoginPageTest"/>
  <testcase name="loginTest" time="13.177" classname="com.crm.qa.testCases.LoginPageTest"/>
</testsuite> <!-- Default test -->
