<?xml version="1.0" encoding="UTF-8"?>
<!-- Generated by org.testng.reporters.JUnitXMLReporter -->
<testsuite hostname="DESKTOP-QG903OF" ignored="0" name="Default test" tests="3" failures="0" timestamp="17 Mar 2018 23:33:59 GMT" time="130.378" errors="0">
  <testcase name="LoginPageTitleTest" time="0.486" classname="com.crm.qa.testCases.LoginPageTest"/>
  <testcase name="crmLogoImageTest" time="0.792" classname="com.crm.qa.testCases.LoginPageTest"/>
  <testcase name="loginTest" time="26.638" classname="com.crm.qa.testCases.LoginPageTest"/>
</testsuite> <!-- Default test -->
