<?xml version="1.0" encoding="UTF-8"?>
<testng-results skipped="0" failed="0" ignored="1" total="2" passed="1">
  <reporter-output>
  </reporter-output>
  <suite name="Default suite" duration-ms="70949" started-at="2018-03-29T11:46:17Z" finished-at="2018-03-29T11:47:28Z">
    <groups>
    </groups>
    <test name="Default test" duration-ms="70949" started-at="2018-03-29T11:46:17Z" finished-at="2018-03-29T11:47:28Z">
      <class name="com.crm.qa.testCases.HomePageTest">
        <test-method status="PASS" signature="setUp()[pri:0, instance:com.crm.qa.testCases.HomePageTest@26653222]" name="setUp" is-config="true" duration-ms="49034" started-at="2018-03-29T17:16:17Z" finished-at="2018-03-29T17:17:06Z">
          <reporter-output>
          </reporter-output>
        </test-method> <!-- setUp -->
        <test-method status="PASS" signature="brokenLinkOnHomePage()[pri:0, instance:com.crm.qa.testCases.HomePageTest@26653222]" name="brokenLinkOnHomePage" duration-ms="20212" started-at="2018-03-29T17:17:06Z" finished-at="2018-03-29T17:17:26Z">
          <reporter-output>
          </reporter-output>
        </test-method> <!-- brokenLinkOnHomePage -->
        <test-method status="PASS" signature="tearDown()[pri:0, instance:com.crm.qa.testCases.HomePageTest@26653222]" name="tearDown" is-config="true" duration-ms="1659" started-at="2018-03-29T17:17:26Z" finished-at="2018-03-29T17:17:28Z">
          <reporter-output>
          </reporter-output>
        </test-method> <!-- tearDown -->
      </class> <!-- com.crm.qa.testCases.HomePageTest -->
    </test> <!-- Default test -->
  </suite> <!-- Default suite -->
</testng-results>
