<?xml version="1.0" encoding="UTF-8"?>
<testng-results skipped="0" failed="0" ignored="0" total="3" passed="3">
  <reporter-output>
  </reporter-output>
  <suite name="Default suite" duration-ms="68907" started-at="2018-03-13T18:57:29Z" finished-at="2018-03-13T18:58:38Z">
    <groups>
    </groups>
    <test name="Default test" duration-ms="68907" started-at="2018-03-13T18:57:29Z" finished-at="2018-03-13T18:58:38Z">
      <class name="com.crm.qa.testCases.LoginPageTest">
        <test-method status="PASS" signature="setUp()[pri:0, instance:com.crm.qa.testCases.LoginPageTest@61832929]" name="setUp" is-config="true" duration-ms="29439" started-at="2018-03-14T00:27:29Z" finished-at="2018-03-14T00:27:59Z">
          <reporter-output>
          </reporter-output>
        </test-method> <!-- setUp -->
        <test-method status="PASS" signature="LoginPageTitleTest()[pri:1, instance:com.crm.qa.testCases.LoginPageTest@61832929]" name="LoginPageTitleTest" duration-ms="265" started-at="2018-03-14T00:27:59Z" finished-at="2018-03-14T00:27:59Z">
          <reporter-output>
          </reporter-output>
        </test-method> <!-- LoginPageTitleTest -->
        <test-method status="PASS" signature="teardown()[pri:0, instance:com.crm.qa.testCases.LoginPageTest@61832929]" name="teardown" is-config="true" duration-ms="809" started-at="2018-03-14T00:27:59Z" finished-at="2018-03-14T00:28:00Z">
          <reporter-output>
          </reporter-output>
        </test-method> <!-- teardown -->
        <test-method status="PASS" signature="setUp()[pri:0, instance:com.crm.qa.testCases.LoginPageTest@61832929]" name="setUp" is-config="true" duration-ms="12421" started-at="2018-03-14T00:28:00Z" finished-at="2018-03-14T00:28:12Z">
          <reporter-output>
          </reporter-output>
        </test-method> <!-- setUp -->
        <test-method status="PASS" signature="crmLogoImageTest()[pri:2, instance:com.crm.qa.testCases.LoginPageTest@61832929]" name="crmLogoImageTest" duration-ms="640" started-at="2018-03-14T00:28:12Z" finished-at="2018-03-14T00:28:13Z">
          <reporter-output>
          </reporter-output>
        </test-method> <!-- crmLogoImageTest -->
        <test-method status="PASS" signature="teardown()[pri:0, instance:com.crm.qa.testCases.LoginPageTest@61832929]" name="teardown" is-config="true" duration-ms="880" started-at="2018-03-14T00:28:13Z" finished-at="2018-03-14T00:28:14Z">
          <reporter-output>
          </reporter-output>
        </test-method> <!-- teardown -->
        <test-method status="PASS" signature="setUp()[pri:0, instance:com.crm.qa.testCases.LoginPageTest@61832929]" name="setUp" is-config="true" duration-ms="10467" started-at="2018-03-14T00:28:14Z" finished-at="2018-03-14T00:28:24Z">
          <reporter-output>
          </reporter-output>
        </test-method> <!-- setUp -->
        <test-method status="PASS" signature="loginTest()[pri:3, instance:com.crm.qa.testCases.LoginPageTest@61832929]" name="loginTest" duration-ms="13177" started-at="2018-03-14T00:28:24Z" finished-at="2018-03-14T00:28:38Z">
          <reporter-output>
          </reporter-output>
        </test-method> <!-- loginTest -->
        <test-method status="PASS" signature="teardown()[pri:0, instance:com.crm.qa.testCases.LoginPageTest@61832929]" name="teardown" is-config="true" duration-ms="747" started-at="2018-03-14T00:28:38Z" finished-at="2018-03-14T00:28:38Z">
          <reporter-output>
          </reporter-output>
        </test-method> <!-- teardown -->
      </class> <!-- com.crm.qa.testCases.LoginPageTest -->
    </test> <!-- Default test -->
  </suite> <!-- Default suite -->
</testng-results>
